#
# There is insufficient memory for the Java Runtime Environment to continue.
# Native memory allocation (mmap) failed to map 53477376 bytes for Failed to commit area from 0x00000006d2000000 to 0x00000006d5300000 of length 53477376.
# Possible reasons:
#   The system is out of physical RAM or swap space
#   The process is running with CompressedOops enabled, and the Java Heap may be blocking the growth of the native heap
# Possible solutions:
#   Reduce memory load on the system
#   Increase physical memory or swap space
#   Check if swap backing store is full
#   Decrease Java heap size (-Xmx/-Xms)
#   Decrease number of Java threads
#   Decrease Java thread stack sizes (-Xss)
#   Set larger code cache with -XX:ReservedCodeCacheSize=
#   JVM is running with Zero Based Compressed Oops mode in which the Java heap is
#     placed in the first 32GB address space. The Java Heap base address is the
#     maximum limit for the native heap growth. Please use -XX:HeapBaseMinAddress
#     to set the Java Heap base and to place the Java Heap above 32GB virtual address.
# This output file may be truncated or incomplete.
#
#  Out of Memory Error (t:/workspace/hotspot/src/os/windows/vm/os_windows.cpp:3357), pid=97416, tid=94220
#
# JRE version: Java(TM) SE Runtime Environment (9.0+11) (build 9.0.1+11)
# Java VM: Java HotSpot(TM) 64-Bit Server VM (9.0.1+11, mixed mode, tiered, compressed oops, g1 gc, windows-amd64)
# No core dump will be written. Minidumps are not enabled by default on client versions of Windows
#

---------------  S U M M A R Y ------------

Command Line: -Dmaven.multiModuleProjectDirectory=E:\java\travel -Dmaven.home=D:\apache-maven-3.5.2 -Dclassworlds.conf=D:\apache-maven-3.5.2\bin\m2.conf -javaagent:D:\JetBrains\IntelliJ IDEA 2017.2.6\lib\idea_rt.jar=63245:D:\JetBrains\IntelliJ IDEA 2017.2.6\bin -Dfile.encoding=UTF-8 org.codehaus.classworlds.Launcher -Didea.version=2017.2.6 tomcat7:run

Host: Intel(R) Core(TM) i5-8400 CPU @ 2.80GHz, 6 cores, 15G,  Windows 10 , 64 bit Build 17134 (10.0.17134.556)
Time: Mon Jul 13 18:35:23 2020 ?D1¨²¡À¨º¡Á?¨º¡À?? elapsed time: 3 seconds (0d 0h 0m 3s)

---------------  T H R E A D  ---------------

Current thread (0x000001f10a525000):  VMThread "VM Thread" [stack: 0x000000eea1700000,0x000000eea1800000] [id=94220]

Stack: [0x000000eea1700000,0x000000eea1800000]
[error occurred during error reporting (printing stack bounds), id 0xe0000002]

Native frames: (J=compiled Java code, j=interpreted, Vv=VM code, C=native code)
V  [jvm.dll+0x5870b8]
V  [jvm.dll+0x69c0ee]
V  [jvm.dll+0x69d00a]
V  [jvm.dll+0x69cb95]
V  [jvm.dll+0x69d5ab]
V  [jvm.dll+0x586916]
V  [jvm.dll+0x586ce8]
C  [ntdll.dll+0x9f7dd]
C  [ntdll.dll+0xd856]
C  [ntdll.dll+0x9e70e]
C  0x000001f16e2b0e2a

VM_Operation (0x000000eea06f1ab0): G1IncCollectionPause, mode: safepoint, requested by thread 0x000001f162054000


---------------  P R O C E S S  ---------------

Java Threads: ( => current thread )
  0x000001f10afc7000 JavaThread "Service Thread" daemon [_thread_blocked, id=97884, stack(0x000000eea2200000,0x000000eea2300000)]
  0x000001f10afba800 JavaThread "Monitor Ctrl-Break" daemon [_thread_in_native, id=93832, stack(0x000000eea2100000,0x000000eea2200000)]
  0x000001f10ae5c800 JavaThread "Common-Cleaner" daemon [_thread_blocked, id=89956, stack(0x000000eea2000000,0x000000eea2100000)]
  0x000001f10ada9000 JavaThread "Sweeper thread" daemon [_thread_blocked, id=95004, stack(0x000000eea1f00000,0x000000eea2000000)]
  0x000001f10ada8000 JavaThread "C1 CompilerThread2" daemon [_thread_blocked, id=96724, stack(0x000000eea1e00000,0x000000eea1f00000)]
  0x000001f10ada2000 JavaThread "C2 CompilerThread1" daemon [_thread_blocked, id=95376, stack(0x000000eea1d00000,0x000000eea1e00000)]
  0x000001f10ad4e000 JavaThread "C2 CompilerThread0" daemon [_thread_in_native, id=93656, stack(0x000000eea1c00000,0x000000eea1d00000)]
  0x000001f10ad4b800 JavaThread "Attach Listener" daemon [_thread_blocked, id=97472, stack(0x000000eea1b00000,0x000000eea1c00000)]
  0x000001f10a53e800 JavaThread "Signal Dispatcher" daemon [_thread_blocked, id=94688, stack(0x000000eea1a00000,0x000000eea1b00000)]
  0x000001f10a52c000 JavaThread "Finalizer" daemon [_thread_blocked, id=97780, stack(0x000000eea1900000,0x000000eea1a00000)]
  0x000001f10a52b800 JavaThread "Reference Handler" daemon [_thread_blocked, id=92980, stack(0x000000eea1800000,0x000000eea1900000)]
  0x000001f162054000 JavaThread "main" [_thread_blocked, id=98008, stack(0x000000eea0600000,0x000000eea0700000)]

Other Threads:
=>0x000001f10a525000 VMThread "VM Thread" [stack: 0x000000eea1700000,0x000000eea1800000] [id=94220]
  0x000001f10afcc800 WatcherThread [stack: 0x000000eea2300000,0x000000eea2400000] [id=92624]
  0x000001f16206b000 GCTaskThread "GC Thread#0" [stack: 0x000000eea0700000,0x000000eea0800000] [id=93756]
  0x000001f16206c800 GCTaskThread "GC Thread#1" [stack: 0x000000eea0800000,0x000000eea0900000] [id=99104]
  0x000001f16206e800 GCTaskThread "GC Thread#2" [stack: 0x000000eea0900000,0x000000eea0a00000] [id=97380]
  0x000001f162070000 GCTaskThread "GC Thread#3" [stack: 0x000000eea0a00000,0x000000eea0b00000] [id=94332]
  0x000001f162073000 GCTaskThread "GC Thread#4" [stack: 0x000000eea0b00000,0x000000eea0c00000] [id=93240]
  0x000001f162074800 GCTaskThread "GC Thread#5" [stack: 0x000000eea0c00000,0x000000eea0d00000] [id=96844]
  0x000001f1620d9800 ConcurrentGCThread "G1 Main Marker" [stack: 0x000000eea1400000,0x000000eea1500000] [id=97948]
  0x000001f1620db000 ConcurrentGCThread "G1 Marker#0" [stack: 0x000000eea1500000,0x000000eea1600000] [id=63128]
  0x000001f1620dc000 ConcurrentGCThread "G1 Marker#1" [stack: 0x000000eea1600000,0x000000eea1700000] [id=93444]
  0x000001f162088000 ConcurrentGCThread "G1 Refine#0" [stack: 0x000000eea1200000,0x000000eea1300000] [id=96328]
  0x000001f162087000 ConcurrentGCThread "G1 Refine#1" [stack: 0x000000eea1100000,0x000000eea1200000] [id=84160]
  0x000001f162084000 ConcurrentGCThread "G1 Refine#2" [stack: 0x000000eea1000000,0x000000eea1100000] [id=97656]
  0x000001f162082000 ConcurrentGCThread "G1 Refine#3" [stack: 0x000000eea0f00000,0x000000eea1000000] [id=97600]
  0x000001f162081800 ConcurrentGCThread "G1 Refine#4" [stack: 0x000000eea0e00000,0x000000eea0f00000] [id=96352]
  0x000001f162078000 ConcurrentGCThread "G1 Refine#5" [stack: 0x000000eea0d00000,0x000000eea0e00000] [id=94916]
  0x000001f16208b800 ConcurrentGCThread "G1 Young RemSet Sampling" [stack: 0x000000eea1300000,0x000000eea1400000] [id=95960]

Threads with active compile tasks:
C1 CompilerThread25799       3       jdk.internal.misc.Unsafe::allocateUninitializedArray (52 bytes)
C2 CompilerThread15785   !   4       jdk.internal.loader.URLClassPath$JarLoader::getResource (65 bytes)
C2 CompilerThread05502   !   4       org.codehaus.plexus.interpolation.StringSearchInterpolator::interpolate (650 bytes)

VM state:at safepoint (normal execution)

VM Mutex/Monitor currently owned by a thread:  ([mutex/lock_event])
[0x000001f16201d740] Threads_lock - owner thread: 0x000001f10a525000
[0x000001f16201f2d0] Heap_lock - owner thread: 0x000001f162054000

Heap address: 0x00000006c2200000, size: 4062 MB, Compressed Oops mode: Zero based, Oop shift amount: 3
Narrow klass base: 0x0000000000000000, Narrow klass shift: 3
Compressed class space size: 1073741824 Address: 0x00000007c0000000

Heap:
 garbage-first heap   total 312320K, used 24933K [0x00000006c2200000, 0x00000006c2300988, 0x00000007c0000000)
  region size 1024K, 19 young (19456K), 19 survivors (19456K)
 Metaspace       used 33937K, capacity 35022K, committed 35200K, reserved 1081344K
  class space    used 3668K, capacity 3923K, committed 3968K, reserved 1048576K
Heap Regions: E=young(eden), S=young(survivor), O=old, HS=humongous(starts), HC=humongous(continues), CS=collection set, F=free, A=archive, TS=gc time stamp, AC=allocation context, TAMS=top-at-mark-start (previous, next)
|   0|0x00000006c2200000, 0x00000006c2300000, 0x00000006c2300000|100%| O|  |TS  0|AC  0|TAMS 0x00000006c2300000, 0x00000006c2300000|
|   1|0x00000006c2300000, 0x00000006c2300000, 0x00000006c2400000|  0%| F|  |TS  0|AC  0|TAMS 0x00000006c2300000, 0x00000006c2300000|
|   2|0x00000006c2400000, 0x00000006c2500000, 0x00000006c2500000|100%| O|  |TS  0|AC  0|TAMS 0x00000006c2500000, 0x00000006c2500000|
|   3|0x00000006c2500000, 0x00000006c2600000, 0x00000006c2600000|100%| O|  |TS  0|AC  0|TAMS 0x00000006c2600000, 0x00000006c2600000|
|   4|0x00000006c2600000, 0x00000006c2700000, 0x00000006c2700000|100%| O|  |TS  0|AC  0|TAMS 0x00000006c2700000, 0x00000006c2700000|
|   5|0x00000006c2700000, 0x00000006c2800000, 0x00000006c2800000|100%| O|  |TS  0|AC  0|TAMS 0x00000006c2800000, 0x00000006c2800000|
|   6|0x00000006c2800000, 0x00000006c28d1600, 0x00000006c2900000| 81%| O|  |TS  1|AC  0|TAMS 0x00000006c28d1600, 0x00000006c28d1600|
|   7|0x00000006c2900000, 0x00000006c2900000, 0x00000006c2a00000|  0%| F|  |TS  0|AC  0|TAMS 0x00000006c2900000, 0x00000006c2900000|
|   8|0x00000006c2a00000, 0x00000006c2a00000, 0x00000006c2b00000|  0%| F|  |TS  0|AC  0|TAMS 0x00000006c2a00000, 0x00000006c2a00000|
|   9|0x00000006c2b00000, 0x00000006c2b00000, 0x00000006c2c00000|  0%| F|  |TS  0|AC  0|TAMS 0x00000006c2b00000, 0x00000006c2b00000|
|  10|0x00000006c2c00000, 0x00000006c2c00000, 0x00000006c2d00000|  0%| F|  |TS  0|AC  0|TAMS 0x00000006c2c00000, 0x00000006c2c00000|
|  11|0x00000006c2d00000, 0x00000006c2d00000, 0x00000006c2e00000|  0%| F|  |TS  0|AC  0|TAMS 0x00000006c2d00000, 0x00000006c2d00000|
|  12|0x00000006c2e00000, 0x00000006c2e00000, 0x00000006c2f00000|  0%| F|  |TS  0|AC  0|TAMS 0x00000006c2e00000, 0x00000006c2e00000|
|  13|0x00000006c2f00000, 0x00000006c2f00000, 0x00000006c3000000|  0%| F|  |TS  0|AC  0|TAMS 0x00000006c2f00000, 0x00000006c2f00000|
|  14|0x00000006c3000000, 0x00000006c3000000, 0x00000006c3100000|  0%| F|  |TS  0|AC  0|TAMS 0x00000006c3000000, 0x00000006c3000000|
|  15|0x00000006c3100000, 0x00000006c3100000, 0x00000006c3200000|  0%| F|  |TS  0|AC  0|TAMS 0x00000006c3100000, 0x00000006c3100000|
|  16|0x00000006c3200000, 0x00000006c3200000, 0x00000006c3300000|  0%| F|  |TS  0|AC  0|TAMS 0x00000006c3200000, 0x00000006c3200000|
|  17|0x00000006c3300000, 0x00000006c3300000, 0x00000006c3400000|  0%| F|  |TS  0|AC  0|TAMS 0x00000006c3300000, 0x00000006c3300000|
|  18|0x00000006c3400000, 0x00000006c3400000, 0x00000006c3500000|  0%| F|  |TS  0|AC  0|TAMS 0x00000006c3400000, 0x00000006c3400000|
|  19|0x00000006c3500000, 0x00000006c3500000, 0x00000006c3600000|  0%| F|  |TS  0|AC  0|TAMS 0x00000006c3500000, 0x00000006c3500000|
|  20|0x00000006c3600000, 0x00000006c3600000, 0x00000006c3700000|  0%| F|  |TS  0|AC  0|TAMS 0x00000006c3600000, 0x00000006c3600000|
|  21|0x00000006c3700000, 0x00000006c3700000, 0x00000006c3800000|  0%| F|  |TS  0|AC  0|TAMS 0x00000006c3700000, 0x00000006c3700000|
|  22|0x00000006c3800000, 0x00000006c3800000, 0x00000006c3900000|  0%| F|  |TS  0|AC  0|TAMS 0x00000006c3800000, 0x00000006c3800000|
|  23|0x00000006c3900000, 0x00000006c3900000, 0x00000006c3a00000|  0%| F|  |TS  0|AC  0|TAMS 0x00000006c3900000, 0x00000006c3900000|
|  24|0x00000006c3a00000, 0x00000006c3a00000, 0x00000006c3b00000|  0%| F|  |TS  0|AC  0|TAMS 0x00000006c3a00000, 0x00000006c3a00000|
|  25|0x00000006c3b00000, 0x00000006c3b00000, 0x00000006c3c00000|  0%| F|  |TS  0|AC  0|TAMS 0x00000006c3b00000, 0x00000006c3b00000|
|  26|0x00000006c3c00000, 0x00000006c3c00000, 0x00000006c3d00000|  0%| F|  |TS  0|AC  0|TAMS 0x00000006c3c00000, 0x00000006c3c00000|
|  27|0x00000006c3d00000, 0x00000006c3d00000, 0x00000006c3e00000|  0%| F|  |TS  0|AC  0|TAMS 0x00000006c3d00000, 0x00000006c3d00000|
|  28|0x00000006c3e00000, 0x00000006c3e00000, 0x00000006c3f00000|  0%| F|  |TS  0|AC  0|TAMS 0x00000006c3e00000, 0x00000006c3e00000|
|  29|0x00000006c3f00000, 0x00000006c3f00000, 0x00000006c4000000|  0%| F|  |TS  0|AC  0|TAMS 0x00000006c3f00000, 0x00000006c3f00000|
|  30|0x00000006c4000000, 0x00000006c4000000, 0x00000006c4100000|  0%| F|  |TS  0|AC  0|TAMS 0x00000006c4000000, 0x00000006c4000000|
|  31|0x00000006c4100000, 0x00000006c4100000, 0x00000006c4200000|  0%| F|  |TS  0|AC  0|TAMS 0x00000006c4100000, 0x00000006c4100000|
|  32|0x00000006c4200000, 0x00000006c4200000, 0x00000006c4300000|  0%| F|  |TS  0|AC  0|TAMS 0x00000006c4200000, 0x00000006c4200000|
|  33|0x00000006c4300000, 0x00000006c4300000, 0x00000006c4400000|  0%| F|  |TS  0|AC  0|TAMS 0x00000006c4300000, 0x00000006c4300000|
|  34|0x00000006c4400000, 0x00000006c4400000, 0x00000006c4500000|  0%| F|  |TS  0|AC  0|TAMS 0x00000006c4400000, 0x00000006c4400000|
|  35|0x00000006c4500000, 0x00000006c4500000, 0x00000006c4600000|  0%| F|  |TS  0|AC  0|TAMS 0x00000006c4500000, 0x00000006c4500000|
|  36|0x00000006c4600000, 0x00000006c4600000, 0x00000006c4700000|  0%| F|  |TS  0|AC  0|TAMS 0x00000006c4600000, 0x00000006c4600000|
|  37|0x00000006c4700000, 0x00000006c4700000, 0x00000006c4800000|  0%| F|  |TS  0|AC  0|TAMS 0x00000006c4700000, 0x00000006c4700000|
|  38|0x00000006c4800000, 0x00000006c4800000, 0x00000006c4900000|  0%| F|  |TS  0|AC  0|TAMS 0x00000006c4800000, 0x00000006c4800000|
|  39|0x00000006c4900000, 0x00000006c4900000, 0x00000006c4a00000|  0%| F|  |TS  0|AC  0|TAMS 0x00000006c4900000, 0x00000006c4900000|
|  40|0x00000006c4a00000, 0x00000006c4a00000, 0x00000006c4b00000|  0%| F|  |TS  0|AC  0|TAMS 0x00000006c4a00000, 0x00000006c4a00000|
|  41|0x00000006c4b00000, 0x00000006c4b00000, 0x00000006c4c00000|  0%| F|  |TS  0|AC  0|TAMS 0x00000006c4b00000, 0x00000006c4b00000|
|  42|0x00000006c4c00000, 0x00000006c4c00000, 0x00000006c4d00000|  0%| F|  |TS  0|AC  0|TAMS 0x00000006c4c00000, 0x00000006c4c00000|
|  43|0x00000006c4d00000, 0x00000006c4d00000, 0x00000006c4e00000|  0%| F|  |TS  0|AC  0|TAMS 0x00000006c4d00000, 0x00000006c4d00000|
|  44|0x00000006c4e00000, 0x00000006c4e00000, 0x00000006c4f00000|  0%| F|  |TS  0|AC  0|TAMS 0x00000006c4e00000, 0x00000006c4e00000|
|  45|0x00000006c4f00000, 0x00000006c4f00000, 0x00000006c5000000|  0%| F|  |TS  0|AC  0|TAMS 0x00000006c4f00000, 0x00000006c4f00000|
|  46|0x00000006c5000000, 0x00000006c5000000, 0x00000006c5100000|  0%| F|  |TS  0|AC  0|TAMS 0x00000006c5000000, 0x00000006c5000000|
|  47|0x00000006c5100000, 0x00000006c5100000, 0x00000006c5200000|  0%| F|  |TS  0|AC  0|TAMS 0x00000006c5100000, 0x00000006c5100000|
|  48|0x00000006c5200000, 0x00000006c5200000, 0x00000006c5300000|  0%| F|  |TS  0|AC  0|TAMS 0x00000006c5200000, 0x00000006c5200000|
|  49|0x00000006c5300000, 0x00000006c5300000, 0x00000006c5400000|  0%| F|  |TS  0|AC  0|TAMS 0x00000006c5300000, 0x00000006c5300000|
|  50|0x00000006c5400000, 0x00000006c5400000, 0x00000006c5500000|  0%| F|  |TS  0|AC  0|TAMS 0x00000006c5400000, 0x00000006c5400000|
|  51|0x00000006c5500000, 0x00000006c5500000, 0x00000006c5600000|  0%| F|  |TS  0|AC  0|TAMS 0x00000006c5500000, 0x00000006c5500000|
|  52|0x00000006c5600000, 0x00000006c5600000, 0x00000006c5700000|  0%| F|  |TS  0|AC  0|TAMS 0x00000006c5600000, 0x00000006c5600000|
|  53|0x00000006c5700000, 0x00000006c5700000, 0x00000006c5800000|  0%| F|  |TS  0|AC  0|TAMS 0x00000006c5700000, 0x00000006c5700000|
|  54|0x00000006c5800000, 0x00000006c5800000, 0x00000006c5900000|  0%| F|  |TS  0|AC  0|TAMS 0x00000006c5800000, 0x00000006c5800000|
|  55|0x00000006c5900000, 0x00000006c5900000, 0x00000006c5a00000|  0%| F|  |TS  0|AC  0|TAMS 0x00000006c5900000, 0x00000006c5900000|
|  56|0x00000006c5a00000, 0x00000006c5a00000, 0x00000006c5b00000|  0%| F|  |TS  0|AC  0|TAMS 0x00000006c5a00000, 0x00000006c5a00000|
|  57|0x00000006c5b00000, 0x00000006c5b00000, 0x00000006c5c00000|  0%| F|  |TS  0|AC  0|TAMS 0x00000006c5b00000, 0x00000006c5b00000|
|  58|0x00000006c5c00000, 0x00000006c5c00000, 0x00000006c5d00000|  0%| F|  |TS  0|AC  0|TAMS 0x00000006c5c00000, 0x00000006c5c00000|
|  59|0x00000006c5d00000, 0x00000006c5d00000, 0x00000006c5e00000|  0%| F|  |TS  0|AC  0|TAMS 0x00000006c5d00000, 0x00000006c5d00000|
|  60|0x00000006c5e00000, 0x00000006c5e00000, 0x00000006c5f00000|  0%| F|  |TS  0|AC  0|TAMS 0x00000006c5e00000, 0x00000006c5e00000|
|  61|0x00000006c5f00000, 0x00000006c5f00000, 0x00000006c6000000|  0%| F|  |TS  0|AC  0|TAMS 0x00000006c5f00000, 0x00000006c5f00000|
|  62|0x00000006c6000000, 0x00000006c6000000, 0x00000006c6100000|  0%| F|  |TS  0|AC  0|TAMS 0x00000006c6000000, 0x00000006c6000000|
|  63|0x00000006c6100000, 0x00000006c6100000, 0x00000006c6200000|  0%| F|  |TS  0|AC  0|TAMS 0x00000006c6100000, 0x00000006c6100000|
|  64|0x00000006c6200000, 0x00000006c6200000, 0x00000006c6300000|  0%| F|  |TS  0|AC  0|TAMS 0x00000006c6200000, 0x00000006c6200000|
|  65|0x00000006c6300000, 0x00000006c6300000, 0x00000006c6400000|  0%| F|  |TS  0|AC  0|TAMS 0x00000006c6300000, 0x00000006c6300000|
|  66|0x00000006c6400000, 0x00000006c6400000, 0x00000006c6500000|  0%| F|  |TS  0|AC  0|TAMS 0x00000006c6400000, 0x00000006c6400000|
|  67|0x00000006c6500000, 0x00000006c6500000, 0x00000006c6600000|  0%| F|  |TS  0|AC  0|TAMS 0x00000006c6500000, 0x00000006c6500000|
|  68|0x00000006c6600000, 0x00000006c6600000, 0x00000006c6700000|  0%| F|  |TS  0|AC  0|TAMS 0x00000006c6600000, 0x00000006c6600000|
|  69|0x00000006c6700000, 0x00000006c6700000, 0x00000006c6800000|  0%| F|  |TS  0|AC  0|TAMS 0x00000006c6700000, 0x00000006c6700000|
|  70|0x00000006c6800000, 0x00000006c6800000, 0x00000006c6900000|  0%| F|  |TS  0|AC  0|TAMS 0x00000006c6800000, 0x00000006c6800000|
|  71|0x00000006c6900000, 0x00000006c6900000, 0x00000006c6a00000|  0%| F|  |TS  0|AC  0|TAMS 0x00000006c6900000, 0x00000006c6900000|
|  72|0x00000006c6a00000, 0x00000006c6a00000, 0x00000006c6b00000|  0%| F|  |TS  0|AC  0|TAMS 0x00000006c6a00000, 0x00000006c6a00000|
|  73|0x00000006c6b00000, 0x00000006c6b00000, 0x00000006c6c00000|  0%| F|  |TS  0|AC  0|TAMS 0x00000006c6b00000, 0x00000006c6b00000|
|  74|0x00000006c6c00000, 0x00000006c6c00000, 0x00000006c6d00000|  0%| F|  |TS  0|AC  0|TAMS 0x00000006c6c00000, 0x00000006c6c00000|
|  75|0x00000006c6d00000, 0x00000006c6d00000, 0x00000006c6e00000|  0%| F|  |TS  0|AC  0|TAMS 0x00000006c6d00000, 0x00000006c6d00000|
|  76|0x00000006c6e00000, 0x00000006c6e00000, 0x00000006c6f00000|  0%| F|  |TS  0|AC  0|TAMS 0x00000006c6e00000, 0x00000006c6e00000|
|  77|0x00000006c6f00000, 0x00000006c6f00000, 0x00000006c7000000|  0%| F|  |TS  0|AC  0|TAMS 0x00000006c6f00000, 0x00000006c6f00000|
|  78|0x00000006c7000000, 0x00000006c7000000, 0x00000006c7100000|  0%| F|  |TS  0|AC  0|TAMS 0x00000006c7000000, 0x00000006c7000000|
|  79|0x00000006c7100000, 0x00000006c7100000, 0x00000006c7200000|  0%| F|  |TS  0|AC  0|TAMS 0x00000006c7100000, 0x00000006c7100000|
|  80|0x00000006c7200000, 0x00000006c7200000, 0x00000006c7300000|  0%| F|  |TS  0|AC  0|TAMS 0x00000006c7200000, 0x00000006c7200000|
|  81|0x00000006c7300000, 0x00000006c7300000, 0x00000006c7400000|  0%| F|  |TS  0|AC  0|TAMS 0x00000006c7300000, 0x00000006c7300000|
|  82|0x00000006c7400000, 0x00000006c7400000, 0x00000006c7500000|  0%| F|  |TS  0|AC  0|TAMS 0x00000006c7400000, 0x00000006c7400000|
|  83|0x00000006c7500000, 0x00000006c75880c0, 0x00000006c7600000| 53%| S|CS|TS  1|AC  0|TAMS 0x00000006c7500000, 0x00000006c7500000|
|  84|0x00000006c7600000, 0x00000006c7700000, 0x00000006c7700000|100%| S|CS|TS  1|AC  0|TAMS 0x00000006c7600000, 0x00000006c7600000|
|  85|0x00000006c7700000, 0x00000006c7800000, 0x00000006c7800000|100%| S|CS|TS  1|AC  0|TAMS 0x00000006c7700000, 0x00000006c7700000|
|  86|0x00000006c7800000, 0x00000006c7900000, 0x00000006c7900000|100%| S|CS|TS  1|AC  0|TAMS 0x00000006c7800000, 0x00000006c7800000|
|  87|0x00000006c7900000, 0x00000006c7a00000, 0x00000006c7a00000|100%| S|CS|TS  1|AC  0|TAMS 0x00000006c7900000, 0x00000006c7900000|
|  88|0x00000006c7a00000, 0x00000006c7b00000, 0x00000006c7b00000|100%| S|CS|TS  1|AC  0|TAMS 0x00000006c7a00000, 0x00000006c7a00000|
|  89|0x00000006c7b00000, 0x00000006c7c00000, 0x00000006c7c00000|100%| S|CS|TS  1|AC  0|TAMS 0x00000006c7b00000, 0x00000006c7b00000|
|  90|0x00000006c7c00000, 0x00000006c7d00000, 0x00000006c7d00000|100%| S|CS|TS  1|AC  0|TAMS 0x00000006c7c00000, 0x00000006c7c00000|
|  91|0x00000006c7d00000, 0x00000006c7e00000, 0x00000006c7e00000|100%| S|CS|TS  1|AC  0|TAMS 0x00000006c7d00000, 0x00000006c7d00000|
|  92|0x00000006c7e00000, 0x00000006c7f00000, 0x00000006c7f00000|100%| S|CS|TS  1|AC  0|TAMS 0x00000006c7e00000, 0x00000006c7e00000|
|  93|0x00000006c7f00000, 0x00000006c8000000, 0x00000006c8000000|100%| S|CS|TS  1|AC  0|TAMS 0x00000006c7f00000, 0x00000006c7f00000|
|  94|0x00000006c8000000, 0x00000006c8100000, 0x00000006c8100000|100%| S|CS|TS  1|AC  0|TAMS 0x00000006c8000000, 0x00000006c8000000|
|  95|0x00000006c8100000, 0x00000006c8200000, 0x00000006c8200000|100%| S|CS|TS  1|AC  0|TAMS 0x00000006c8100000, 0x00000006c8100000|
|  96|0x00000006c8200000, 0x00000006c8300000, 0x00000006c8300000|100%| S|CS|TS  1|AC  0|TAMS 0x00000006c8200000, 0x00000006c8200000|
|  97|0x00000006c8300000, 0x00000006c8400000, 0x00000006c8400000|100%| S|CS|TS  1|AC  0|TAMS 0x00000006c8300000, 0x00000006c8300000|
|  98|0x00000006c8400000, 0x00000006c8500000, 0x00000006c8500000|100%| S|CS|TS  1|AC  0|TAMS 0x00000006c8400000, 0x00000006c8400000|
|  99|0x00000006c8500000, 0x00000006c8600000, 0x00000006c8600000|100%| S|CS|TS  1|AC  0|TAMS 0x00000006c8500000, 0x00000006c8500000|
| 100|0x00000006c8600000, 0x00000006c8700000, 0x00000006c8700000|100%| S|CS|TS  1|AC  0|TAMS 0x00000006c8600000, 0x00000006c8600000|
| 101|0x00000006c8700000, 0x00000006c8800000, 0x00000006c8800000|100%| S|CS|TS  1|AC  0|TAMS 0x00000006c8700000, 0x00000006c8700000|
| 102|0x00000006c8800000, 0x00000006c8800000, 0x00000006c8900000|  0%| F|  |TS  1|AC  0|TAMS 0x00000006c8800000, 0x00000006c8800000|
| 103|0x00000006c8900000, 0x00000006c8900000, 0x00000006c8a00000|  0%| F|  |TS  1|AC  0|TAMS 0x00000006c8900000, 0x00000006c8900000|
| 104|0x00000006c8a00000, 0x00000006c8a00000, 0x00000006c8b00000|  0%| F|  |TS  1|AC  0|TAMS 0x00000006c8a00000, 0x00000006c8a00000|
| 105|0x00000006c8b00000, 0x00000006c8b00000, 0x00000006c8c00000|  0%| F|  |TS  1|AC  0|TAMS 0x00000006c8b00000, 0x00000006c8b00000|
| 106|0x00000006c8c00000, 0x00000006c8c00000, 0x00000006c8d00000|  0%| F|  |TS  1|AC  0|TAMS 0x00000006c8c00000, 0x00000006c8c00000|
| 107|0x00000006c8d00000, 0x00000006c8d00000, 0x00000006c8e00000|  0%| F|  |TS  1|AC  0|TAMS 0x00000006c8d00000, 0x00000006c8d00000|
| 108|0x00000006c8e00000, 0x00000006c8e00000, 0x00000006c8f00000|  0%| F|  |TS  1|AC  0|TAMS 0x00000006c8e00000, 0x00000006c8e00000|
| 109|0x00000006c8f00000, 0x00000006c8f00000, 0x00000006c9000000|  0%| F|  |TS  1|AC  0|TAMS 0x00000006c8f00000, 0x00000006c8f00000|
| 110|0x00000006c9000000, 0x00000006c9000000, 0x00000006c9100000|  0%| F|  |TS  1|AC  0|TAMS 0x00000006c9000000, 0x00000006c9000000|
| 111|0x00000006c9100000, 0x00000006c9100000, 0x00000006c9200000|  0%| F|  |TS  1|AC  0|TAMS 0x00000006c9100000, 0x00000006c9100000|
| 112|0x00000006c9200000, 0x00000006c9200000, 0x00000006c9300000|  0%| F|  |TS  1|AC  0|TAMS 0x00000006c9200000, 0x00000006c9200000|
| 113|0x00000006c9300000, 0x00000006c9300000, 0x00000006c9400000|  0%| F|  |TS  1|AC  0|TAMS 0x00000006c9300000, 0x00000006c9300000|
| 114|0x00000006c9400000, 0x00000006c9400000, 0x00000006c9500000|  0%| F|  |TS  1|AC  0|TAMS 0x00000006c9400000, 0x00000006c9400000|
| 115|0x00000006c9500000, 0x00000006c9500000, 0x00000006c9600000|  0%| F|  |TS  1|AC  0|TAMS 0x00000006c9500000, 0x00000006c9500000|
| 116|0x00000006c9600000, 0x00000006c9600000, 0x00000006c9700000|  0%| F|  |TS  1|AC  0|TAMS 0x00000006c9600000, 0x00000006c9600000|
| 117|0x00000006c9700000, 0x00000006c9700000, 0x00000006c9800000|  0%| F|  |TS  1|AC  0|TAMS 0x00000006c9700000, 0x00000006c9700000|
| 118|0x00000006c9800000, 0x00000006c9800000, 0x00000006c9900000|  0%| F|  |TS  1|AC  0|TAMS 0x00000006c9800000, 0x00000006c9800000|
| 119|0x00000006c9900000, 0x00000006c9900000, 0x00000006c9a00000|  0%| F|  |TS  1|AC  0|TAMS 0x00000006c9900000, 0x00000006c9900000|
| 120|0x00000006c9a00000, 0x00000006c9a00000, 0x00000006c9b00000|  0%| F|  |TS  1|AC  0|TAMS 0x00000006c9a00000, 0x00000006c9a00000|
| 121|0x00000006c9b00000, 0x00000006c9b00000, 0x00000006c9c00000|  0%| F|  |TS  1|AC  0|TAMS 0x00000006c9b00000, 0x00000006c9b00000|
| 122|0x00000006c9c00000, 0x00000006c9c00000, 0x00000006c9d00000|  0%| F|  |TS  1|AC  0|TAMS 0x00000006c9c00000, 0x00000006c9c00000|
| 123|0x00000006c9d00000, 0x00000006c9d00000, 0x00000006c9e00000|  0%| F|  |TS  1|AC  0|TAMS 0x00000006c9d00000, 0x00000006c9d00000|
| 124|0x00000006c9e00000, 0x00000006c9e00000, 0x00000006c9f00000|  0%| F|  |TS  1|AC  0|TAMS 0x00000006c9e00000, 0x00000006c9e00000|
| 125|0x00000006c9f00000, 0x00000006c9f00000, 0x00000006ca000000|  0%| F|  |TS  1|AC  0|TAMS 0x00000006c9f00000, 0x00000006c9f00000|
| 126|0x00000006ca000000, 0x00000006ca000000, 0x00000006ca100000|  0%| F|  |TS  1|AC  0|TAMS 0x00000006ca000000, 0x00000006ca000000|
| 127|0x00000006ca100000, 0x00000006ca100000, 0x00000006ca200000|  0%| F|  |TS  1|AC  0|TAMS 0x00000006ca100000, 0x00000006ca100000|
| 128|0x00000006ca200000, 0x00000006ca200000, 0x00000006ca300000|  0%| F|  |TS  1|AC  0|TAMS 0x00000006ca200000, 0x00000006ca200000|
| 129|0x00000006ca300000, 0x00000006ca300000, 0x00000006ca400000|  0%| F|  |TS  1|AC  0|TAMS 0x00000006ca300000, 0x00000006ca300000|
| 130|0x00000006ca400000, 0x00000006ca400000, 0x00000006ca500000|  0%| F|  |TS  1|AC  0|TAMS 0x00000006ca400000, 0x00000006ca400000|
| 131|0x00000006ca500000, 0x00000006ca500000, 0x00000006ca600000|  0%| F|  |TS  1|AC  0|TAMS 0x00000006ca500000, 0x00000006ca500000|
| 132|0x00000006ca600000, 0x00000006ca600000, 0x00000006ca700000|  0%| F|  |TS  1|AC  0|TAMS 0x00000006ca600000, 0x00000006ca600000|
| 133|0x00000006ca700000, 0x00000006ca700000, 0x00000006ca800000|  0%| F|  |TS  1|AC  0|TAMS 0x00000006ca700000, 0x00000006ca700000|
| 134|0x00000006ca800000, 0x00000006ca800000, 0x00000006ca900000|  0%| F|  |TS  1|AC  0|TAMS 0x00000006ca800000, 0x00000006ca800000|
| 135|0x00000006ca900000, 0x00000006ca900000, 0x00000006caa00000|  0%| F|  |TS  1|AC  0|TAMS 0x00000006ca900000, 0x00000006ca900000|
| 136|0x00000006caa00000, 0x00000006caa00000, 0x00000006cab00000|  0%| F|  |TS  1|AC  0|TAMS 0x00000006caa00000, 0x00000006caa00000|
| 137|0x00000006cab00000, 0x00000006cab00000, 0x00000006cac00000|  0%| F|  |TS  1|AC  0|TAMS 0x00000006cab00000, 0x00000006cab00000|
| 138|0x00000006cac00000, 0x00000006cac00000, 0x00000006cad00000|  0%| F|  |TS  1|AC  0|TAMS 0x00000006cac00000, 0x00000006cac00000|
| 139|0x00000006cad00000, 0x00000006cad00000, 0x00000006cae00000|  0%| F|  |TS  1|AC  0|TAMS 0x00000006cad00000, 0x00000006cad00000|
| 140|0x00000006cae00000, 0x00000006cae00000, 0x00000006caf00000|  0%| F|  |TS  1|AC  0|TAMS 0x00000006cae00000, 0x00000006cae00000|
| 141|0x00000006caf00000, 0x00000006caf00000, 0x00000006cb000000|  0%| F|  |TS  1|AC  0|TAMS 0x00000006caf00000, 0x00000006caf00000|
| 142|0x00000006cb000000, 0x00000006cb000000, 0x00000006cb100000|  0%| F|  |TS  1|AC  0|TAMS 0x00000006cb000000, 0x00000006cb000000|
| 143|0x00000006cb100000, 0x00000006cb100000, 0x00000006cb200000|  0%| F|  |TS  1|AC  0|TAMS 0x00000006cb100000, 0x00000006cb100000|
| 144|0x00000006cb200000, 0x00000006cb200000, 0x00000006cb300000|  0%| F|  |TS  1|AC  0|TAMS 0x00000006cb200000, 0x00000006cb200000|
| 145|0x00000006cb300000, 0x00000006cb300000, 0x00000006cb400000|  0%| F|  |TS  1|AC  0|TAMS 0x00000006cb300000, 0x00000006cb300000|
| 146|0x00000006cb400000, 0x00000006cb400000, 0x00000006cb500000|  0%| F|  |TS  1|AC  0|TAMS 0x00000006cb400000, 0x00000006cb400000|
| 147|0x00000006cb500000, 0x00000006cb500000, 0x00000006cb600000|  0%| F|  |TS  1|AC  0|TAMS 0x00000006cb500000, 0x00000006cb500000|
| 148|0x00000006cb600000, 0x00000006cb600000, 0x00000006cb700000|  0%| F|  |TS  1|AC  0|TAMS 0x00000006cb600000, 0x00000006cb600000|
| 149|0x00000006cb700000, 0x00000006cb700000, 0x00000006cb800000|  0%| F|  |TS  1|AC  0|TAMS 0x00000006cb700000, 0x00000006cb700000|
| 150|0x00000006cb800000, 0x00000006cb800000, 0x00000006cb900000|  0%| F|  |TS  1|AC  0|TAMS 0x00000006cb800000, 0x00000006cb800000|
| 151|0x00000006cb900000, 0x00000006cb900000, 0x00000006cba00000|  0%| F|  |TS  1|AC  0|TAMS 0x00000006cb900000, 0x00000006cb900000|
| 152|0x00000006cba00000, 0x00000006cba00000, 0x00000006cbb00000|  0%| F|  |TS  1|AC  0|TAMS 0x00000006cba00000, 0x00000006cba00000|
| 153|0x00000006cbb00000, 0x00000006cbb00000, 0x00000006cbc00000|  0%| F|  |TS  1|AC  0|TAMS 0x00000006cbb00000, 0x00000006cbb00000|
| 154|0x00000006cbc00000, 0x00000006cbc00000, 0x00000006cbd00000|  0%| F|  |TS  1|AC  0|TAMS 0x00000006cbc00000, 0x00000006cbc00000|
| 155|0x00000006cbd00000, 0x00000006cbd00000, 0x00000006cbe00000|  0%| F|  |TS  1|AC  0|TAMS 0x00000006cbd00000, 0x00000006cbd00000|
| 156|0x00000006cbe00000, 0x00000006cbe00000, 0x00000006cbf00000|  0%| F|  |TS  1|AC  0|TAMS 0x00000006cbe00000, 0x00000006cbe00000|
| 157|0x00000006cbf00000, 0x00000006cbf00000, 0x00000006cc000000|  0%| F|  |TS  1|AC  0|TAMS 0x00000006cbf00000, 0x00000006cbf00000|
| 158|0x00000006cc000000, 0x00000006cc000000, 0x00000006cc100000|  0%| F|  |TS  1|AC  0|TAMS 0x00000006cc000000, 0x00000006cc000000|
| 159|0x00000006cc100000, 0x00000006cc100000, 0x00000006cc200000|  0%| F|  |TS  1|AC  0|TAMS 0x00000006cc100000, 0x00000006cc100000|
| 160|0x00000006cc200000, 0x00000006cc200000, 0x00000006cc300000|  0%| F|  |TS  1|AC  0|TAMS 0x00000006cc200000, 0x00000006cc200000|
| 161|0x00000006cc300000, 0x00000006cc300000, 0x00000006cc400000|  0%| F|  |TS  1|AC  0|TAMS 0x00000006cc300000, 0x00000006cc300000|
| 162|0x00000006cc400000, 0x00000006cc400000, 0x00000006cc500000|  0%| F|  |TS  1|AC  0|TAMS 0x00000006cc400000, 0x00000006cc400000|
| 163|0x00000006cc500000, 0x00000006cc500000, 0x00000006cc600000|  0%| F|  |TS  1|AC  0|TAMS 0x00000006cc500000, 0x00000006cc500000|
| 164|0x00000006cc600000, 0x00000006cc600000, 0x00000006cc700000|  0%| F|  |TS  1|AC  0|TAMS 0x00000006cc600000, 0x00000006cc600000|
| 165|0x00000006cc700000, 0x00000006cc700000, 0x00000006cc800000|  0%| F|  |TS  1|AC  0|TAMS 0x00000006cc700000, 0x00000006cc700000|
| 166|0x00000006cc800000, 0x00000006cc800000, 0x00000006cc900000|  0%| F|  |TS  1|AC  0|TAMS 0x00000006cc800000, 0x00000006cc800000|
| 167|0x00000006cc900000, 0x00000006cc900000, 0x00000006cca00000|  0%| F|  |TS  1|AC  0|TAMS 0x00000006cc900000, 0x00000006cc900000|
| 168|0x00000006cca00000, 0x00000006cca00000, 0x00000006ccb00000|  0%| F|  |TS  1|AC  0|TAMS 0x00000006cca00000, 0x00000006cca00000|
| 169|0x00000006ccb00000, 0x00000006ccb00000, 0x00000006ccc00000|  0%| F|  |TS  1|AC  0|TAMS 0x00000006ccb00000, 0x00000006ccb00000|
| 170|0x00000006ccc00000, 0x00000006ccc00000, 0x00000006ccd00000|  0%| F|  |TS  1|AC  0|TAMS 0x00000006ccc00000, 0x00000006ccc00000|
| 171|0x00000006ccd00000, 0x00000006ccd00000, 0x00000006cce00000|  0%| F|  |TS  1|AC  0|TAMS 0x00000006ccd00000, 0x00000006ccd00000|
| 172|0x00000006cce00000, 0x00000006cce00000, 0x00000006ccf00000|  0%| F|  |TS  1|AC  0|TAMS 0x00000006cce00000, 0x00000006cce00000|
| 173|0x00000006ccf00000, 0x00000006ccf00000, 0x00000006cd000000|  0%| F|  |TS  1|AC  0|TAMS 0x00000006ccf00000, 0x00000006ccf00000|
| 174|0x00000006cd000000, 0x00000006cd000000, 0x00000006cd100000|  0%| F|  |TS  1|AC  0|TAMS 0x00000006cd000000, 0x00000006cd000000|
| 175|0x00000006cd100000, 0x00000006cd100000, 0x00000006cd200000|  0%| F|  |TS  1|AC  0|TAMS 0x00000006cd100000, 0x00000006cd100000|
| 176|0x00000006cd200000, 0x00000006cd200000, 0x00000006cd300000|  0%| F|  |TS  1|AC  0|TAMS 0x00000006cd200000, 0x00000006cd200000|
| 177|0x00000006cd300000, 0x00000006cd300000, 0x00000006cd400000|  0%| F|  |TS  1|AC  0|TAMS 0x00000006cd300000, 0x00000006cd300000|
| 178|0x00000006cd400000, 0x00000006cd400000, 0x00000006cd500000|  0%| F|  |TS  1|AC  0|TAMS 0x00000006cd400000, 0x00000006cd400000|
| 179|0x00000006cd500000, 0x00000006cd500000, 0x00000006cd600000|  0%| F|  |TS  1|AC  0|TAMS 0x00000006cd500000, 0x00000006cd500000|
| 180|0x00000006cd600000, 0x00000006cd600000, 0x00000006cd700000|  0%| F|  |TS  1|AC  0|TAMS 0x00000006cd600000, 0x00000006cd600000|
| 181|0x00000006cd700000, 0x00000006cd700000, 0x00000006cd800000|  0%| F|  |TS  1|AC  0|TAMS 0x00000006cd700000, 0x00000006cd700000|
| 182|0x00000006cd800000, 0x00000006cd800000, 0x00000006cd900000|  0%| F|  |TS  1|AC  0|TAMS 0x00000006cd800000, 0x00000006cd800000|
| 183|0x00000006cd900000, 0x00000006cd900000, 0x00000006cda00000|  0%| F|  |TS  1|AC  0|TAMS 0x00000006cd900000, 0x00000006cd900000|
| 184|0x00000006cda00000, 0x00000006cda00000, 0x00000006cdb00000|  0%| F|  |TS  1|AC  0|TAMS 0x00000006cda00000, 0x00000006cda00000|
| 185|0x00000006cdb00000, 0x00000006cdb00000, 0x00000006cdc00000|  0%| F|  |TS  1|AC  0|TAMS 0x00000006cdb00000, 0x00000006cdb00000|
| 186|0x00000006cdc00000, 0x00000006cdc00000, 0x00000006cdd00000|  0%| F|  |TS  1|AC  0|TAMS 0x00000006cdc00000, 0x00000006cdc00000|
| 187|0x00000006cdd00000, 0x00000006cdd00000, 0x00000006cde00000|  0%| F|  |TS  1|AC  0|TAMS 0x00000006cdd00000, 0x00000006cdd00000|
| 188|0x00000006cde00000, 0x00000006cde00000, 0x00000006cdf00000|  0%| F|  |TS  1|AC  0|TAMS 0x00000006cde00000, 0x00000006cde00000|
| 189|0x00000006cdf00000, 0x00000006cdf00000, 0x00000006ce000000|  0%| F|  |TS  1|AC  0|TAMS 0x00000006cdf00000, 0x00000006cdf00000|
| 190|0x00000006ce000000, 0x00000006ce000000, 0x00000006ce100000|  0%| F|  |TS  1|AC  0|TAMS 0x00000006ce000000, 0x00000006ce000000|
| 191|0x00000006ce100000, 0x00000006ce100000, 0x00000006ce200000|  0%| F|  |TS  1|AC  0|TAMS 0x00000006ce100000, 0x00000006ce100000|
| 192|0x00000006ce200000, 0x00000006ce200000, 0x00000006ce300000|  0%| F|  |TS  1|AC  0|TAMS 0x00000006ce200000, 0x00000006ce200000|
| 193|0x00000006ce300000, 0x00000006ce300000, 0x00000006ce400000|  0%| F|  |TS  1|AC  0|TAMS 0x00000006ce300000, 0x00000006ce300000|
| 194|0x00000006ce400000, 0x00000006ce400000, 0x00000006ce500000|  0%| F|  |TS  1|AC  0|TAMS 0x00000006ce400000, 0x00000006ce400000|
| 195|0x00000006ce500000, 0x00000006ce500000, 0x00000006ce600000|  0%| F|  |TS  1|AC  0|TAMS 0x00000006ce500000, 0x00000006ce500000|
| 196|0x00000006ce600000, 0x00000006ce600000, 0x00000006ce700000|  0%| F|  |TS  1|AC  0|TAMS 0x00000006ce600000, 0x00000006ce600000|
| 197|0x00000006ce700000, 0x00000006ce700000, 0x00000006ce800000|  0%| F|  |TS  1|AC  0|TAMS 0x00000006ce700000, 0x00000006ce700000|
| 198|0x00000006ce800000, 0x00000006ce800000, 0x00000006ce900000|  0%| F|  |TS  1|AC  0|TAMS 0x00000006ce800000, 0x00000006ce800000|
| 199|0x00000006ce900000, 0x00000006ce900000, 0x00000006cea00000|  0%| F|  |TS  1|AC  0|TAMS 0x00000006ce900000, 0x00000006ce900000|
| 200|0x00000006cea00000, 0x00000006cea00000, 0x00000006ceb00000|  0%| F|  |TS  1|AC  0|TAMS 0x00000006cea00000, 0x00000006cea00000|
| 201|0x00000006ceb00000, 0x00000006ceb00000, 0x00000006cec00000|  0%| F|  |TS  1|AC  0|TAMS 0x00000006ceb00000, 0x00000006ceb00000|
| 202|0x00000006cec00000, 0x00000006cec00000, 0x00000006ced00000|  0%| F|  |TS  1|AC  0|TAMS 0x00000006cec00000, 0x00000006cec00000|
| 203|0x00000006ced00000, 0x00000006ced00000, 0x00000006cee00000|  0%| F|  |TS  1|AC  0|TAMS 0x00000006ced00000, 0x00000006ced00000|
| 204|0x00000006cee00000, 0x00000006cee00000, 0x00000006cef00000|  0%| F|  |TS  1|AC  0|TAMS 0x00000006cee00000, 0x00000006cee00000|
| 205|0x00000006cef00000, 0x00000006cef00000, 0x00000006cf000000|  0%| F|  |TS  1|AC  0|TAMS 0x00000006cef00000, 0x00000006cef00000|
| 206|0x00000006cf000000, 0x00000006cf000000, 0x00000006cf100000|  0%| F|  |TS  1|AC  0|TAMS 0x00000006cf000000, 0x00000006cf000000|
| 207|0x00000006cf100000, 0x00000006cf100000, 0x00000006cf200000|  0%| F|  |TS  1|AC  0|TAMS 0x00000006cf100000, 0x00000006cf100000|
| 208|0x00000006cf200000, 0x00000006cf200000, 0x00000006cf300000|  0%| F|  |TS  1|AC  0|TAMS 0x00000006cf200000, 0x00000006cf200000|
| 209|0x00000006cf300000, 0x00000006cf300000, 0x00000006cf400000|  0%| F|  |TS  1|AC  0|TAMS 0x00000006cf300000, 0x00000006cf300000|
| 210|0x00000006cf400000, 0x00000006cf400000, 0x00000006cf500000|  0%| F|  |TS  1|AC  0|TAMS 0x00000006cf400000, 0x00000006cf400000|
| 211|0x00000006cf500000, 0x00000006cf500000, 0x00000006cf600000|  0%| F|  |TS  1|AC  0|TAMS 0x00000006cf500000, 0x00000006cf500000|
| 212|0x00000006cf600000, 0x00000006cf600000, 0x00000006cf700000|  0%| F|  |TS  1|AC  0|TAMS 0x00000006cf600000, 0x00000006cf600000|
| 213|0x00000006cf700000, 0x00000006cf700000, 0x00000006cf800000|  0%| F|  |TS  1|AC  0|TAMS 0x00000006cf700000, 0x00000006cf700000|
| 214|0x00000006cf800000, 0x00000006cf800000, 0x00000006cf900000|  0%| F|  |TS  1|AC  0|TAMS 0x00000006cf800000, 0x00000006cf800000|
| 215|0x00000006cf900000, 0x00000006cf900000, 0x00000006cfa00000|  0%| F|  |TS  1|AC  0|TAMS 0x00000006cf900000, 0x00000006cf900000|
| 216|0x00000006cfa00000, 0x00000006cfa00000, 0x00000006cfb00000|  0%| F|  |TS  1|AC  0|TAMS 0x00000006cfa00000, 0x00000006cfa00000|
| 217|0x00000006cfb00000, 0x00000006cfb00000, 0x00000006cfc00000|  0%| F|  |TS  1|AC  0|TAMS 0x00000006cfb00000, 0x00000006cfb00000|
| 218|0x00000006cfc00000, 0x00000006cfc00000, 0x00000006cfd00000|  0%| F|  |TS  1|AC  0|TAMS 0x00000006cfc00000, 0x00000006cfc00000|
| 219|0x00000006cfd00000, 0x00000006cfd00000, 0x00000006cfe00000|  0%| F|  |TS  1|AC  0|TAMS 0x00000006cfd00000, 0x00000006cfd00000|
| 220|0x00000006cfe00000, 0x00000006cfe00000, 0x00000006cff00000|  0%| F|  |TS  1|AC  0|TAMS 0x00000006cfe00000, 0x00000006cfe00000|
| 221|0x00000006cff00000, 0x00000006cff00000, 0x00000006d0000000|  0%| F|  |TS  1|AC  0|TAMS 0x00000006cff00000, 0x00000006cff00000|
| 222|0x00000006d0000000, 0x00000006d0000000, 0x00000006d0100000|  0%| F|  |TS  1|AC  0|TAMS 0x00000006d0000000, 0x00000006d0000000|
| 223|0x00000006d0100000, 0x00000006d0100000, 0x00000006d0200000|  0%| F|  |TS  1|AC  0|TAMS 0x00000006d0100000, 0x00000006d0100000|
| 224|0x00000006d0200000, 0x00000006d0200000, 0x00000006d0300000|  0%| F|  |TS  1|AC  0|TAMS 0x00000006d0200000, 0x00000006d0200000|
| 225|0x00000006d0300000, 0x00000006d0300000, 0x00000006d0400000|  0%| F|  |TS  1|AC  0|TAMS 0x00000006d0300000, 0x00000006d0300000|
| 226|0x00000006d0400000, 0x00000006d0400000, 0x00000006d0500000|  0%| F|  |TS  1|AC  0|TAMS 0x00000006d0400000, 0x00000006d0400000|
| 227|0x00000006d0500000, 0x00000006d0500000, 0x00000006d0600000|  0%| F|  |TS  1|AC  0|TAMS 0x00000006d0500000, 0x00000006d0500000|
| 228|0x00000006d0600000, 0x00000006d0600000, 0x00000006d0700000|  0%| F|  |TS  1|AC  0|TAMS 0x00000006d0600000, 0x00000006d0600000|
| 229|0x00000006d0700000, 0x00000006d0700000, 0x00000006d0800000|  0%| F|  |TS  1|AC  0|TAMS 0x00000006d0700000, 0x00000006d0700000|
| 230|0x00000006d0800000, 0x00000006d0800000, 0x00000006d0900000|  0%| F|  |TS  1|AC  0|TAMS 0x00000006d0800000, 0x00000006d0800000|
| 231|0x00000006d0900000, 0x00000006d0900000, 0x00000006d0a00000|  0%| F|  |TS  1|AC  0|TAMS 0x00000006d0900000, 0x00000006d0900000|
| 232|0x00000006d0a00000, 0x00000006d0a00000, 0x00000006d0b00000|  0%| F|  |TS  1|AC  0|TAMS 0x00000006d0a00000, 0x00000006d0a00000|
| 233|0x00000006d0b00000, 0x00000006d0b00000, 0x00000006d0c00000|  0%| F|  |TS  1|AC  0|TAMS 0x00000006d0b00000, 0x00000006d0b00000|
| 234|0x00000006d0c00000, 0x00000006d0c00000, 0x00000006d0d00000|  0%| F|  |TS  1|AC  0|TAMS 0x00000006d0c00000, 0x00000006d0c00000|
| 235|0x00000006d0d00000, 0x00000006d0d00000, 0x00000006d0e00000|  0%| F|  |TS  1|AC  0|TAMS 0x00000006d0d00000, 0x00000006d0d00000|
| 236|0x00000006d0e00000, 0x00000006d0e00000, 0x00000006d0f00000|  0%| F|  |TS  1|AC  0|TAMS 0x00000006d0e00000, 0x00000006d0e00000|
| 237|0x00000006d0f00000, 0x00000006d0f00000, 0x00000006d1000000|  0%| F|  |TS  1|AC  0|TAMS 0x00000006d0f00000, 0x00000006d0f00000|
| 238|0x00000006d1000000, 0x00000006d1000000, 0x00000006d1100000|  0%| F|  |TS  1|AC  0|TAMS 0x00000006d1000000, 0x00000006d1000000|
| 239|0x00000006d1100000, 0x00000006d1100000, 0x00000006d1200000|  0%| F|  |TS  1|AC  0|TAMS 0x00000006d1100000, 0x00000006d1100000|
| 240|0x00000006d1200000, 0x00000006d1200000, 0x00000006d1300000|  0%| F|  |TS  1|AC  0|TAMS 0x00000006d1200000, 0x00000006d1200000|
| 241|0x00000006d1300000, 0x00000006d1300000, 0x00000006d1400000|  0%| F|  |TS  1|AC  0|TAMS 0x00000006d1300000, 0x00000006d1300000|
| 242|0x00000006d1400000, 0x00000006d1400000, 0x00000006d1500000|  0%| F|  |TS  1|AC  0|TAMS 0x00000006d1400000, 0x00000006d1400000|
| 243|0x00000006d1500000, 0x00000006d1500000, 0x00000006d1600000|  0%| F|  |TS  1|AC  0|TAMS 0x00000006d1500000, 0x00000006d1500000|
| 244|0x00000006d1600000, 0x00000006d1600000, 0x00000006d1700000|  0%| F|  |TS  1|AC  0|TAMS 0x00000006d1600000, 0x00000006d1600000|
| 245|0x00000006d1700000, 0x00000006d1700000, 0x00000006d1800000|  0%| F|  |TS  1|AC  0|TAMS 0x00000006d1700000, 0x00000006d1700000|
| 246|0x00000006d1800000, 0x00000006d1800000, 0x00000006d1900000|  0%| F|  |TS  1|AC  0|TAMS 0x00000006d1800000, 0x00000006d1800000|
| 247|0x00000006d1900000, 0x00000006d1900000, 0x00000006d1a00000|  0%| F|  |TS  1|AC  0|TAMS 0x00000006d1900000, 0x00000006d1900000|
| 248|0x00000006d1a00000, 0x00000006d1a00000, 0x00000006d1b00000|  0%| F|  |TS  1|AC  0|TAMS 0x00000006d1a00000, 0x00000006d1a00000|
| 249|0x00000006d1b00000, 0x00000006d1b00000, 0x00000006d1c00000|  0%| F|  |TS  1|AC  0|TAMS 0x00000006d1b00000, 0x00000006d1b00000|
| 250|0x00000006d1c00000, 0x00000006d1c00000, 0x00000006d1d00000|  0%| F|  |TS  1|AC  0|TAMS 0x00000006d1c00000, 0x00000006d1c00000|
| 251|0x00000006d1d00000, 0x00000006d1d00000, 0x00000006d1e00000|  0%| F|  |TS  1|AC  0|TAMS 0x00000006d1d00000, 0x00000006d1d00000|
| 252|0x00000006d1e00000, 0x00000006d1e00000, 0x00000006d1f00000|  0%| F|  |TS  1|AC  0|TAMS 0x00000006d1e00000, 0x00000006d1e00000|
| 253|0x00000006d1f00000, 0x00000006d1f00000, 0x00000006d2000000|  0%| F|  |TS  1|AC  0|TAMS 0x00000006d1f00000, 0x00000006d1f00000|

Card table byte_map: [0x000001f17eae0000,0x000001f17f2d0000] byte_map_base: 0x000001f17b4cf000

Marking Bits (Prev, Next): (CMBitMap*) 0x000001f17fb473b8, (CMBitMap*) 0x000001f17fb47380
 Prev Bits: [0x000001f103f80000, 0x000001f107ef8000)
 Next Bits: [0x000001f100000000, 0x000001f103f78000)

Polling page: 0x000001f161ff0000

CodeHeap 'non-profiled nmethods': size=120064Kb used=2591Kb max_used=2591Kb free=117472Kb
 bounds [0x000001f175d70000, 0x000001f176000000, 0x000001f17d2b0000]
CodeHeap 'profiled nmethods': size=120000Kb used=13611Kb max_used=13611Kb free=106389Kb
 bounds [0x000001f16e840000, 0x000001f16f590000, 0x000001f175d70000]
CodeHeap 'non-nmethods': size=5696Kb used=1282Kb max_used=1339Kb free=4413Kb
 bounds [0x000001f16e2b0000, 0x000001f16e520000, 0x000001f16e840000]
 total_blobs=7254 nmethods=5775 adapters=382
 compilation: enabled

Compilation events (10 events):
Event: 3.672 Thread 0x000001f10ada8000 nmethod 5794 0x000001f175ff7b90 code [0x000001f175ff7d40, 0x000001f175ff7e58]
Event: 3.674 Thread 0x000001f10ada8000 5795       3       java.lang.invoke.LambdaForm$BMH/893192050::reinvoke (155 bytes)
Event: 3.674 Thread 0x000001f10ada8000 nmethod 5795 0x000001f16f587690 code [0x000001f16f587920, 0x000001f16f588c80]
Event: 3.674 Thread 0x000001f10ada8000 5796       3       java.lang.StringConcatHelper::mixLen (10 bytes)
Event: 3.674 Thread 0x000001f10ada8000 nmethod 5796 0x000001f16f589090 code [0x000001f16f589260, 0x000001f16f5896f0]
Event: 3.674 Thread 0x000001f10ada8000 5797       3       java.lang.StringConcatHelper::checkOverflow (16 bytes)
Event: 3.674 Thread 0x000001f10ada8000 nmethod 5797 0x000001f16f589890 code [0x000001f16f589a40, 0x000001f16f589c90]
Event: 3.674 Thread 0x000001f10ada8000 5798       3       java.lang.invoke.StringConcatFactory$MethodHandleInlineCopyStrategy::newArray (16 bytes)
Event: 3.674 Thread 0x000001f10ada8000 nmethod 5798 0x000001f16f589d90 code [0x000001f16f589f60, 0x000001f16f58a250]
Event: 3.674 Thread 0x000001f10ada8000 5799       3       jdk.internal.misc.Unsafe::allocateUninitializedArray (52 bytes)

GC Heap History (9 events):
Event: 0.600 GC heap before
{Heap before GC invocations=0 (full 0):
 garbage-first heap   total 260096K, used 22528K [0x00000006c2200000, 0x00000006c23007f0, 0x00000007c0000000)
  region size 1024K, 22 young (22528K), 0 survivors (0K)
 Metaspace       used 11348K, capacity 11682K, committed 12032K, reserved 1060864K
  class space    used 1102K, capacity 1173K, committed 1280K, reserved 1048576K
}
Event: 0.605 GC heap after
{Heap after GC invocations=1 (full 0):
 garbage-first heap   total 260096K, used 5309K [0x00000006c2200000, 0x00000006c23007f0, 0x00000007c0000000)
  region size 1024K, 3 young (3072K), 3 survivors (3072K)
 Metaspace       used 11348K, capacity 11682K, committed 12032K, reserved 1060864K
  class space    used 1102K, capacity 1173K, committed 1280K, reserved 1048576K
}
Event: 1.051 GC heap before
{Heap before GC invocations=1 (full 0):
 garbage-first heap   total 260096K, used 39101K [0x00000006c2200000, 0x00000006c23007f0, 0x00000007c0000000)
  region size 1024K, 36 young (36864K), 3 survivors (3072K)
 Metaspace       used 15241K, capacity 15634K, committed 15872K, reserved 1062912K
  class space    used 1591K, capacity 1674K, committed 1792K, reserved 1048576K
}
Event: 1.058 GC heap after
{Heap after GC invocations=2 (full 0):
 garbage-first heap   total 260096K, used 10041K [0x00000006c2200000, 0x00000006c23007f0, 0x00000007c0000000)
  region size 1024K, 5 young (5120K), 5 survivors (5120K)
 Metaspace       used 15241K, capacity 15634K, committed 15872K, reserved 1062912K
  class space    used 1591K, capacity 1674K, committed 1792K, reserved 1048576K
}
Event: 1.588 GC heap before
{Heap before GC invocations=2 (full 0):
 garbage-first heap   total 260096K, used 54073K [0x00000006c2200000, 0x00000006c23007f0, 0x00000007c0000000)
  region size 1024K, 48 young (49152K), 5 survivors (5120K)
 Metaspace       used 20318K, capacity 20774K, committed 21120K, reserved 1069056K
  class space    used 2197K, capacity 2305K, committed 2432K, reserved 1048576K
}
Event: 1.598 GC heap after
{Heap after GC invocations=3 (full 0):
 garbage-first heap   total 260096K, used 13125K [0x00000006c2200000, 0x00000006c23007f0, 0x00000007c0000000)
  region size 1024K, 6 young (6144K), 6 survivors (6144K)
 Metaspace       used 20318K, capacity 20774K, committed 21120K, reserved 1069056K
  class space    used 2197K, capacity 2305K, committed 2432K, reserved 1048576K
}
Event: 1.870 GC heap before
{Heap before GC invocations=3 (full 0):
 garbage-first heap   total 260096K, used 28485K [0x00000006c2200000, 0x00000006c23007f0, 0x00000007c0000000)
  region size 1024K, 22 young (22528K), 6 survivors (6144K)
 Metaspace       used 20634K, capacity 21150K, committed 21552K, reserved 1069056K
  class space    used 2213K, capacity 2341K, committed 2432K, reserved 1048576K
}
Event: 1.876 GC heap after
{Heap after GC invocations=4 (full 0):
 garbage-first heap   total 260096K, used 11069K [0x00000006c2200000, 0x00000006c23007f0, 0x00000007c0000000)
  region size 1024K, 4 young (4096K), 4 survivors (4096K)
 Metaspace       used 20634K, capacity 21150K, committed 21552K, reserved 1069056K
  class space    used 2213K, capacity 2341K, committed 2432K, reserved 1048576K
}
Event: 3.674 GC heap before
{Heap before GC invocations=5 (full 0):
 garbage-first heap   total 260096K, used 161597K [0x00000006c2200000, 0x00000006c23007f0, 0x00000007c0000000)
  region size 1024K, 152 young (155648K), 4 survivors (4096K)
 Metaspace       used 33937K, capacity 35022K, committed 35200K, reserved 1081344K
  class space    used 3668K, capacity 3923K, committed 3968K, reserved 1048576K
}

Deoptimization events (10 events):
Event: 3.437 Thread 0x000001f162054000 Uncommon trap: reason=unstable_if action=reinterpret pc=0x000001f175f22780 method=java.util.jar.Manifest$FastInputStream.readLine([BII)I @ 87 c2
Event: 3.524 Thread 0x000001f162054000 Uncommon trap: reason=unstable_if action=reinterpret pc=0x000001f175f642b0 method=java.lang.StringLatin1.lastIndexOf([BI[BII)I @ 86 c2
Event: 3.578 Thread 0x000001f162054000 Uncommon trap: reason=unstable_if action=reinterpret pc=0x000001f175dd17b8 method=java.nio.Buffer.position(I)Ljava/nio/Buffer; @ 45 c2
Event: 3.578 Thread 0x000001f162054000 Uncommon trap: reason=unstable_if action=reinterpret pc=0x000001f175f1cc94 method=org.codehaus.plexus.classworlds.realm.Entry.matches(Ljava/lang/String;)Z @ 20 c2
Event: 3.587 Thread 0x000001f162054000 Uncommon trap: reason=unstable_if action=reinterpret pc=0x000001f175da4b38 method=java.lang.String.getBytes([BIB)V @ 5 c2
Event: 3.593 Thread 0x000001f162054000 Uncommon trap: reason=class_check action=maybe_recompile pc=0x000001f175ede77c method=java.util.Hashtable.get(Ljava/lang/Object;)Ljava/lang/Object; @ 6 c2
Event: 3.594 Thread 0x000001f162054000 Uncommon trap: reason=class_check action=maybe_recompile pc=0x000001f175ede77c method=java.util.Hashtable.get(Ljava/lang/Object;)Ljava/lang/Object; @ 6 c2
Event: 3.595 Thread 0x000001f162054000 Uncommon trap: reason=class_check action=maybe_recompile pc=0x000001f175ede77c method=java.util.Hashtable.get(Ljava/lang/Object;)Ljava/lang/Object; @ 6 c2
Event: 3.602 Thread 0x000001f162054000 Uncommon trap: reason=class_check action=maybe_recompile pc=0x000001f175ede77c method=java.util.Hashtable.get(Ljava/lang/Object;)Ljava/lang/Object; @ 6 c2
Event: 3.624 Thread 0x000001f162054000 Uncommon trap: reason=unstable_if action=reinterpret pc=0x000001f175ff0734 method=java.util.Properties$LineReader.readLine()I @ 81 c2

Classes redefined (0 events):
No events

Internal exceptions (10 events):
Event: 3.173 Thread 0x000001f162054000 Exception <a 'sun/nio/fs/WindowsException'{0x00000006cb824028}> (0x00000006cb824028) thrown at [t:/workspace/hotspot/src/share/vm/prims/jni.cpp, line 604]
Event: 3.173 Thread 0x000001f162054000 Exception <a 'sun/nio/fs/WindowsException'{0x00000006cb8258e0}> (0x00000006cb8258e0) thrown at [t:/workspace/hotspot/src/share/vm/prims/jni.cpp, line 604]
Event: 3.173 Thread 0x000001f162054000 Exception <a 'sun/nio/fs/WindowsException'{0x00000006cb825b20}> (0x00000006cb825b20) thrown at [t:/workspace/hotspot/src/share/vm/prims/jni.cpp, line 604]
Event: 3.180 Thread 0x000001f162054000 Exception <a 'sun/nio/fs/WindowsException'{0x00000006cb8873a0}> (0x00000006cb8873a0) thrown at [t:/workspace/hotspot/src/share/vm/prims/jni.cpp, line 604]
Event: 3.184 Thread 0x000001f162054000 Exception <a 'sun/nio/fs/WindowsException'{0x00000006cb891f80}> (0x00000006cb891f80) thrown at [t:/workspace/hotspot/src/share/vm/prims/jni.cpp, line 604]
Event: 3.189 Thread 0x000001f162054000 Exception <a 'sun/nio/fs/WindowsException'{0x00000006cb8ad5b8}> (0x00000006cb8ad5b8) thrown at [t:/workspace/hotspot/src/share/vm/prims/jni.cpp, line 604]
Event: 3.206 Thread 0x000001f162054000 Exception <a 'sun/nio/fs/WindowsException'{0x00000006cb797878}> (0x00000006cb797878) thrown at [t:/workspace/hotspot/src/share/vm/prims/jni.cpp, line 604]
Event: 3.212 Thread 0x000001f162054000 Exception <a 'sun/nio/fs/WindowsException'{0x00000006cb7c2828}> (0x00000006cb7c2828) thrown at [t:/workspace/hotspot/src/share/vm/prims/jni.cpp, line 604]
Event: 3.216 Thread 0x000001f162054000 Exception <a 'sun/nio/fs/WindowsException'{0x00000006cb7db4a0}> (0x00000006cb7db4a0) thrown at [t:/workspace/hotspot/src/share/vm/prims/jni.cpp, line 604]
Event: 3.587 Thread 0x000001f162054000 Exception <a 'java/io/FileNotFoundException'{0x00000006c91b6d70}> (0x00000006c91b6d70) thrown at [t:/workspace/hotspot/src/share/vm/prims/jni.cpp, line 604]

Events (10 events):
Event: 3.674 loading class org/apache/coyote/http11/AbstractHttp11JsseProtocol done
Event: 3.674 loading class org/apache/coyote/http11/AbstractHttp11Protocol
Event: 3.674 loading class org/apache/coyote/http11/AbstractHttp11Protocol done
Event: 3.674 loading class org/apache/coyote/http11/AbstractHttp11Protocol
Event: 3.674 loading class org/apache/coyote/http11/AbstractHttp11Protocol done
Event: 3.674 loading class org/apache/coyote/AbstractProtocol
Event: 3.674 loading class org/apache/coyote/AbstractProtocol done
Event: 3.674 loading class org/apache/coyote/AbstractProtocol
Event: 3.674 loading class org/apache/coyote/AbstractProtocol done
Event: 3.674 Executing VM operation: G1IncCollectionPause


Dynamic libraries:
0x00007ff70b780000 - 0x00007ff70b7be000 	D:\Java\bin\java.exe
0x00007ffd96cc0000 - 0x00007ffd96ea1000 	C:\WINDOWS\SYSTEM32\ntdll.dll
0x00007ffd95c40000 - 0x00007ffd95cf2000 	C:\WINDOWS\System32\KERNEL32.DLL
0x00007ffd93c70000 - 0x00007ffd93ee3000 	C:\WINDOWS\System32\KERNELBASE.dll
0x00007ffd95890000 - 0x00007ffd95931000 	C:\WINDOWS\System32\ADVAPI32.dll
0x00007ffd95aa0000 - 0x00007ffd95b3e000 	C:\WINDOWS\System32\msvcrt.dll
0x00007ffd941d0000 - 0x00007ffd9422b000 	C:\WINDOWS\System32\sechost.dll
0x00007ffd961c0000 - 0x00007ffd962e4000 	C:\WINDOWS\System32\RPCRT4.dll
0x00007ffd96ad0000 - 0x00007ffd96c60000 	C:\WINDOWS\System32\USER32.dll
0x00007ffd92d90000 - 0x00007ffd92db0000 	C:\WINDOWS\System32\win32u.dll
0x00007ffd96aa0000 - 0x00007ffd96ac8000 	C:\WINDOWS\System32\GDI32.dll
0x00007ffd93870000 - 0x00007ffd93a02000 	C:\WINDOWS\System32\gdi32full.dll
0x00007ffd935d0000 - 0x00007ffd9366f000 	C:\WINDOWS\System32\msvcp_win.dll
0x00007ffd93670000 - 0x00007ffd9376a000 	C:\WINDOWS\System32\ucrtbase.dll
0x00007ffd85290000 - 0x00007ffd854f9000 	C:\WINDOWS\WinSxS\amd64_microsoft.windows.common-controls_6595b64144ccf1df_6.0.17134.556_none_fb439e4b3064774e\COMCTL32.dll
0x00007ffd8b840000 - 0x00007ffd8b84a000 	C:\WINDOWS\SYSTEM32\VERSION.dll
0x00007ffd96680000 - 0x00007ffd969a2000 	C:\WINDOWS\System32\combase.dll
0x00007ffd93770000 - 0x00007ffd937ea000 	C:\WINDOWS\System32\bcryptPrimitives.dll
0x00007ffd96c60000 - 0x00007ffd96c8d000 	C:\WINDOWS\System32\IMM32.DLL
0x00007ffd6ce70000 - 0x00007ffd6cf5f000 	D:\Java\bin\msvcr120.dll
0x00007ffd6da10000 - 0x00007ffd6dab6000 	D:\Java\bin\msvcp120.dll
0x000000005f570000 - 0x000000005ff94000 	D:\Java\bin\server\jvm.dll
0x00007ffd937f0000 - 0x00007ffd93813000 	C:\WINDOWS\System32\WINMM.dll
0x00007ffd92d20000 - 0x00007ffd92d4a000 	C:\WINDOWS\System32\WINMMBASE.dll
0x00007ffd93580000 - 0x00007ffd935c9000 	C:\WINDOWS\System32\cfgmgr32.dll
0x00007ffd95b40000 - 0x00007ffd95b48000 	C:\WINDOWS\System32\PSAPI.DLL
0x00007ffd847a0000 - 0x00007ffd847a9000 	C:\WINDOWS\SYSTEM32\WSOCK32.dll
0x00007ffd96610000 - 0x00007ffd9667c000 	C:\WINDOWS\System32\WS2_32.dll
0x00007ffd90ff0000 - 0x00007ffd90fff000 	D:\Java\bin\verify.dll
0x00007ffd8c9f0000 - 0x00007ffd8ca17000 	D:\Java\bin\java.dll
0x00007ffd8c9a0000 - 0x00007ffd8c9ca000 	D:\Java\bin\instrument.dll
0x00007ffd8c9d0000 - 0x00007ffd8c9e6000 	D:\Java\bin\zip.dll
0x00007ffd8ee50000 - 0x00007ffd8ee5a000 	D:\Java\bin\jimage.dll
0x00007ffd94450000 - 0x00007ffd95890000 	C:\WINDOWS\System32\SHELL32.dll
0x00007ffd94100000 - 0x00007ffd941a9000 	C:\WINDOWS\System32\shcore.dll
0x00007ffd92db0000 - 0x00007ffd934bd000 	C:\WINDOWS\System32\windows.storage.dll
0x00007ffd95b50000 - 0x00007ffd95ba1000 	C:\WINDOWS\System32\shlwapi.dll
0x00007ffd92d70000 - 0x00007ffd92d81000 	C:\WINDOWS\System32\kernel.appcore.dll
0x00007ffd92d00000 - 0x00007ffd92d1f000 	C:\WINDOWS\System32\profapi.dll
0x00007ffd93820000 - 0x00007ffd9386c000 	C:\WINDOWS\System32\powrprof.dll
0x00007ffd92cf0000 - 0x00007ffd92cfa000 	C:\WINDOWS\System32\FLTLIB.DLL
0x00007ffd8c740000 - 0x00007ffd8c75a000 	D:\Java\bin\net.dll
0x00007ffd8d490000 - 0x00007ffd8d56d000 	C:\WINDOWS\SYSTEM32\WINHTTP.dll
0x00007ffd924a0000 - 0x00007ffd92506000 	C:\WINDOWS\system32\mswsock.dll
0x00007ffd8c340000 - 0x00007ffd8c351000 	D:\Java\bin\nio.dll
0x00007ffd8c0d0000 - 0x00007ffd8c0ea000 	D:\JetBrains\IntelliJ IDEA 2017.2.6\bin\breakgen64.dll
0x00007ffd929d0000 - 0x00007ffd929e7000 	C:\WINDOWS\SYSTEM32\CRYPTSP.dll
0x00007ffd92090000 - 0x00007ffd920c3000 	C:\WINDOWS\system32\rsaenh.dll
0x00007ffd92a10000 - 0x00007ffd92a35000 	C:\WINDOWS\SYSTEM32\bcrypt.dll
0x00007ffd92bf0000 - 0x00007ffd92c18000 	C:\WINDOWS\SYSTEM32\USERENV.dll
0x00007ffd92600000 - 0x00007ffd9260b000 	C:\WINDOWS\SYSTEM32\CRYPTBASE.dll
0x00007ffd92230000 - 0x00007ffd92268000 	C:\WINDOWS\SYSTEM32\IPHLPAPI.DLL
0x00007ffd95c30000 - 0x00007ffd95c38000 	C:\WINDOWS\System32\NSI.dll
0x00007ffd8dc60000 - 0x00007ffd8dc76000 	C:\WINDOWS\SYSTEM32\dhcpcsvc6.DLL
0x00007ffd8db80000 - 0x00007ffd8db9a000 	C:\WINDOWS\SYSTEM32\dhcpcsvc.DLL
0x00007ffd8c840000 - 0x00007ffd8c84a000 	C:\Users\ADMIN1\AppData\Local\Temp\jansi-1.16-2515136520645177201.dll
0x00007ffd8c800000 - 0x00007ffd8c80a000 	C:\Users\ADMIN1\AppData\Local\Temp\jansi-1.16-3116145320829573232.dll
0x00007ffd7f740000 - 0x00007ffd7f909000 	C:\WINDOWS\SYSTEM32\dbghelp.dll

VM Arguments:
jvm_args: -Dmaven.multiModuleProjectDirectory=E:\java\travel -Dmaven.home=D:\apache-maven-3.5.2 -Dclassworlds.conf=D:\apache-maven-3.5.2\bin\m2.conf -javaagent:D:\JetBrains\IntelliJ IDEA 2017.2.6\lib\idea_rt.jar=63245:D:\JetBrains\IntelliJ IDEA 2017.2.6\bin -Dfile.encoding=UTF-8 
java_command: org.codehaus.classworlds.Launcher -Didea.version=2017.2.6 tomcat7:run
java_class_path (initial): D:\apache-maven-3.5.2\boot\plexus-classworlds-2.5.2.jar
Launcher Type: SUN_STANDARD

Logging:
Log output configuration:
#0: stdout all=warning uptime,level,tags
#1: stderr all=off uptime,level,tags

Environment Variables:
JAVA_HOME=D:\Java
PATH=C:\Program Files (x86)\NetSarang\Xftp 6\;D:\ÐÂ½¨ÎÄ¼þ¼Ð\;C:\WINDOWS\system32;C:\WINDOWS;C:\WINDOWS\System32\Wbem;C:\WINDOWS\System32\WindowsPowerShell\v1.0\;C:\WINDOWS\System32\OpenSSH\;C:\Users\ADMIN1\AppData\Local\Programs\Python\Python36;D:\Git\cmd;D:\Java\bin;C:\Program Files\MySQL\MySQL Server 5.7\bin;C:\Program Files\Docker\Docker\resources\bin;C:\ProgramData\DockerDesktop\version-bin;D:\nodejs\;D:\ffmpeg-4.2.2-win64-static\bin;C:\Program Files\MySQL\MySQL Shell 8.0\bin\;C:\Users\ADMIN1\AppData\Local\Programs\Python\Python36\Scripts\;C:\Users\ADMIN1\AppData\Local\Programs\Python\Python36\;C:\Users\ADMIN1\AppData\Local\Microsoft\WindowsApps;D:\Microsoft VS Code\bin;C:\Users\ADMIN1\AppData\Local\Programs\Microsoft VS Code Insiders\bin;D:\PyCharm 2019.2.2\bin;C:\Users\ADMIN1\AppData\Local\Programs\Fiddler;C:\Users\ADMIN1\AppData\Local\BypassRuntm;C:\Users\ADMIN1\AppData\Roaming\npm
USERNAME=ADMIN1
OS=Windows_NT
PROCESSOR_IDENTIFIER=Intel64 Family 6 Model 158 Stepping 10, GenuineIntel



---------------  S Y S T E M  ---------------

OS: Windows 10 , 64 bit Build 17134 (10.0.17134.556)

CPU:total 6 (initial active 6) (6 cores per cpu, 1 threads per core) family 6 model 158 stepping 10, cmov, cx8, fxsr, mmx, sse, sse2, sse3, ssse3, sse4.1, sse4.2, popcnt, avx, avx2, aes, clmul, erms, 3dnowpref, lzcnt, tsc, tscinvbit, bmi1, bmi2, adx, fma

Memory: 4k page, physical 16633412k(5250048k free), swap 31097024k(28748k free)

vm_info: Java HotSpot(TM) 64-Bit Server VM (9.0.1+11) for windows-amd64 JRE (9.0.1+11), built on Sep 28 2017 04:54:03 by "mach5one" with MS VC++ 12.0 (VS2013)

END.
